<?xml version="1.0" encoding="UTF-8"?>
<!-- Generated by org.testng.reporters.JUnitXMLReporter -->
<testsuite ignored="0" hostname="Igor-PC" failures="0" tests="3" name="Command line test" time="26.026" errors="0" timestamp="06 Feb 2019 15:53:19 GMT">
  <testcase classname="TestAmazon" name="testBookWithLongestName" time="0.677"/>
  <testcase classname="TestAmazon" name="testBookWithLowestRating" time="6.72"/>
  <testcase classname="TestAmazon" name="testBooksQuantity" time="0.048"/>
</testsuite> <!-- Command line test -->
